<?xml version="1.0" encoding="UTF-8"?>
<!-- Generated by org.testng.reporters.JUnitReportReporter -->
<testsuite hostname="DESKTOP-99EA8L1" failures="0" tests="1" name="YeniEmlakTest" time="24,851" errors="0" timestamp="6 Apr 2019 19:47:13 GMT">
  <testcase classname="YeniEmlakTest" name="clickSearchButton" time="24,851"/>
</testsuite>
